[2026-03-31 07:30:43] TO: badron.korol@gmail.com | Новый заказ #1 в магазине
----------------------------------------
Новый заказ #1
----------------------------------------
Покупатель : 𝐁𝐚𝐃𝐫𝐨𝐇
Telegram ID: 719455291
Способ оплаты: Наличные

Состав заказа:
  - Чайник электрический x1 = 1999.00 руб.

Итого: 1999.00 руб.
----------------------------------------
Дата: 31.03.2026 07:30:41

[2026-03-31 07:37:18] TO: badron.korol@gmail.com | Новый заказ #2 в магазине
----------------------------------------
Новый заказ #2
----------------------------------------
Покупатель : 𝐁𝐚𝐃𝐫𝐨𝐇
Telegram ID: 719455291
Способ оплаты: Наличные

Состав заказа:
  - Молоко 1л x3 = 270.00 руб.

Итого: 270.00 руб.
----------------------------------------
Дата: 31.03.2026 07:37:16

[2026-03-31 07:38:07] TO: badron.korol@gmail.com | Новый заказ #3 в магазине
----------------------------------------
Новый заказ #3
----------------------------------------
Покупатель : ♡AnGel♡
Telegram ID: 5606508158
Способ оплаты: Наличные

Состав заказа:
  - Тетрадь 48 листов x2 = 90.00 руб.
  - Ручка шариковая x1 = 25.00 руб.

Итого: 115.00 руб.
----------------------------------------
Дата: 31.03.2026 07:38:05

[2026-03-31 08:44:14] TO: badron.korol@gmail.com | Новый заказ #4 в магазине
----------------------------------------
Новый заказ #4
----------------------------------------
Покупатель : 𝐁𝐚𝐃𝐫𝐨𝐇
Telegram ID: 719455291
Способ оплаты: Карта

Состав заказа:
  - Смартфон Xiaomi Redmi Note 11 x1 = 19999.00 руб.

Итого: 19999.00 руб.
----------------------------------------
Дата: 31.03.2026 08:44:12

